<?xml version="1.0" encoding="UTF-8"?>
<!-- Generated by org.testng.reporters.JUnitXMLReporter -->
<testsuite ignored="0" hostname="DESKTOP-HP03GQQ" failures="1" tests="1" name="Test(failed)" time="14.209" errors="0" timestamp="2022-11-30T17:27:49 IST">
  <testcase classname="TestCases.VerifySignUpTestCase" name="SignUp" time="6.619">
    <failure type="java.lang.UnsupportedOperationException" message="You may not select a disabled option">
      <![CDATA[java.lang.UnsupportedOperationException: You may not select a disabled option
at org.openqa.selenium.support.ui.Select.assertOptionIsEnabled(Select.java:326)
at org.openqa.selenium.support.ui.Select.setSelected(Select.java:318)
at org.openqa.selenium.support.ui.Select.setSelectedByIndex(Select.java:301)
at org.openqa.selenium.support.ui.Select.selectByIndex(Select.java:179)
at Resources.commonUtilities.dropdownnhandle(commonUtilities.java:10)
at TestCases.VerifySignUpTestCase.SignUp(VerifySignUpTestCase.java:29)
at java.base/java.util.ArrayList.forEach(ArrayList.java:1511)
... Removed 25 stack frames]]>
    </failure>
  </testcase> <!-- SignUp -->
</testsuite> <!-- Test(failed) -->
